Using pre-set license
Built from '2022.3/release' branch; Version is '2022.3.0f1 (fb119bb0b476) revision 16454043'; Using compiler version '192829333'; Build Type 'Release'
OS: 'Windows 11  (10.0.22621) 64bit CoreSingleLanguage' Language: 'en' Physical Memory: 14273 MB
BatchMode: 1, IsHumanControllingUs: 0, StartBugReporterOnCrash: 0, Is64bit: 1, IsPro: 1

COMMAND LINE ARGUMENTS:
C:\Program Files\Unity\Hub\Editor\2022.3.0f1\Editor\Unity.exe
-adb2
-batchMode
-noUpm
-name
AssetImportWorker0
-projectPath
C:/Users/quart/OneDrive/Documents/Unity Stuff/GameJam/GMTK
-logFile
Logs/AssetImportWorker0.log
-srvPort
63340
Successfully changed project path to: C:/Users/quart/OneDrive/Documents/Unity Stuff/GameJam/GMTK
C:/Users/quart/OneDrive/Documents/Unity Stuff/GameJam/GMTK
[UnityMemory] Configuration Parameters - Can be set up in boot.config
    "memorysetup-bucket-allocator-granularity=16"
    "memorysetup-bucket-allocator-bucket-count=8"
    "memorysetup-bucket-allocator-block-size=33554432"
    "memorysetup-bucket-allocator-block-count=8"
    "memorysetup-main-allocator-block-size=16777216"
    "memorysetup-thread-allocator-block-size=16777216"
    "memorysetup-gfx-main-allocator-block-size=16777216"
    "memorysetup-gfx-thread-allocator-block-size=16777216"
    "memorysetup-cache-allocator-block-size=4194304"
    "memorysetup-typetree-allocator-block-size=2097152"
    "memorysetup-profiler-bucket-allocator-granularity=16"
    "memorysetup-profiler-bucket-allocator-bucket-count=8"
    "memorysetup-profiler-bucket-allocator-block-size=33554432"
    "memorysetup-profiler-bucket-allocator-block-count=8"
    "memorysetup-profiler-allocator-block-size=16777216"
    "memorysetup-profiler-editor-allocator-block-size=1048576"
    "memorysetup-temp-allocator-size-main=16777216"
    "memorysetup-job-temp-allocator-block-size=2097152"
    "memorysetup-job-temp-allocator-block-size-background=1048576"
    "memorysetup-job-temp-allocator-reduction-small-platforms=262144"
    "memorysetup-allocator-temp-initial-block-size-main=262144"
    "memorysetup-allocator-temp-initial-block-size-worker=262144"
    "memorysetup-temp-allocator-size-background-worker=32768"
    "memorysetup-temp-allocator-size-job-worker=262144"
    "memorysetup-temp-allocator-size-preload-manager=33554432"
    "memorysetup-temp-allocator-size-nav-mesh-worker=65536"
    "memorysetup-temp-allocator-size-audio-worker=65536"
    "memorysetup-temp-allocator-size-cloud-worker=32768"
    "memorysetup-temp-allocator-size-gi-baking-worker=262144"
    "memorysetup-temp-allocator-size-gfx=262144"
Player connection [16676] Host "[IP] 192.168.1.102 [Port] 0 [Flags] 2 [Guid] 428247713 [EditorId] 428247713 [Version] 1048832 [Id] WindowsEditor(7,DESKTOP-NQQS146) [Debug] 1 [PackageName] WindowsEditor [ProjectName] Editor" joined multi-casting on [225.0.0.222:54997]...

Player connection [16676] Host "[IP] 192.168.1.102 [Port] 0 [Flags] 2 [Guid] 428247713 [EditorId] 428247713 [Version] 1048832 [Id] WindowsEditor(7,DESKTOP-NQQS146) [Debug] 1 [PackageName] WindowsEditor [ProjectName] Editor" joined alternative multi-casting on [225.0.0.222:34997]...

Refreshing native plugins compatible for Editor in 38.99 ms, found 4 plugins.
Preloading 0 native plugins for Editor in 0.00 ms.
Initialize engine version: 2022.3.0f1 (fb119bb0b476)
[Subsystems] Discovering subsystems at path C:/Program Files/Unity/Hub/Editor/2022.3.0f1/Editor/Data/Resources/UnitySubsystems
[Subsystems] Discovering subsystems at path C:/Users/quart/OneDrive/Documents/Unity Stuff/GameJam/GMTK/Assets
GfxDevice: creating device client; threaded=0; jobified=0
Direct3D:
    Version:  Direct3D 11.0 [level 11.1]
    Renderer: NVIDIA GeForce GTX 1650 (ID=0x1f91)
    Vendor:   NVIDIA
    VRAM:     3949 MB
    Driver:   31.0.15.3640
Initialize mono
Mono path[0] = 'C:/Program Files/Unity/Hub/Editor/2022.3.0f1/Editor/Data/Managed'
Mono path[1] = 'C:/Program Files/Unity/Hub/Editor/2022.3.0f1/Editor/Data/MonoBleedingEdge/lib/mono/unityjit-win32'
Mono config path = 'C:/Program Files/Unity/Hub/Editor/2022.3.0f1/Editor/Data/MonoBleedingEdge/etc'
Using monoOptions --debugger-agent=transport=dt_socket,embedding=1,server=y,suspend=n,address=127.0.0.1:56856
Begin MonoManager ReloadAssembly
Registering precompiled unity dll's ...
Register platform support module: C:/Program Files/Unity/Hub/Editor/2022.3.0f1/Editor/Data/PlaybackEngines/WebGLSupport/UnityEditor.WebGL.Extensions.dll
Register platform support module: C:/Program Files/Unity/Hub/Editor/2022.3.0f1/Editor/Data/PlaybackEngines/AndroidPlayer/UnityEditor.Android.Extensions.dll
Register platform support module: C:/Program Files/Unity/Hub/Editor/2022.3.0f1/Editor/Data/PlaybackEngines/WindowsStandaloneSupport/UnityEditor.WindowsStandalone.Extensions.dll
Registered in 0.028105 seconds.
- Loaded All Assemblies, in  1.231 seconds
Native extension for WindowsStandalone target not found
Native extension for Android target not found
Android Extension - Scanning For ADB Devices 815 ms
Native extension for WebGL target not found
Mono: successfully reloaded assembly
- Finished resetting the current domain, in  1.802 seconds
Domain Reload Profiling: 3031ms
	BeginReloadAssembly (369ms)
		ExecutionOrderSort (0ms)
		DisableScriptedObjects (0ms)
		BackupInstance (0ms)
		ReleaseScriptingObjects (0ms)
		CreateAndSetChildDomain (6ms)
	RebuildCommonClasses (100ms)
	RebuildNativeTypeToScriptingClass (43ms)
	initialDomainReloadingComplete (236ms)
	LoadAllAssembliesAndSetupDomain (478ms)
		LoadAssemblies (356ms)
		RebuildTransferFunctionScriptingTraits (0ms)
		AnalyzeDomain (460ms)
			TypeCache.Refresh (457ms)
				TypeCache.ScanAssembly (420ms)
			ScanForSourceGeneratedMonoScriptInfo (1ms)
			ResolveRequiredComponents (2ms)
	FinalizeReload (1804ms)
		ReleaseScriptCaches (0ms)
		RebuildScriptCaches (0ms)
		SetupLoadedEditorAssemblies (1593ms)
			LogAssemblyErrors (0ms)
			InitializePlatformSupportModulesInManaged (1171ms)
			SetLoadedEditorAssemblies (14ms)
			RefreshPlugins (0ms)
			BeforeProcessingInitializeOnLoad (5ms)
			ProcessInitializeOnLoadAttributes (298ms)
			ProcessInitializeOnLoadMethodAttributes (105ms)
			AfterProcessingInitializeOnLoad (0ms)
			EditorAssembliesLoaded (0ms)
		ExecutionOrderSort2 (0ms)
		AwakeInstancesAfterBackupRestoration (0ms)
========================================================================
Worker process is ready to serve import requests
Begin MonoManager ReloadAssembly
Symbol file LoadedFromMemory doesn't match image C:\Users\quart\OneDrive\Documents\Unity Stuff\GameJam\GMTK\Library\PackageCache\com.unity.visualscripting@1.8.0\Editor\VisualScripting.Core\Dependencies\YamlDotNet\Unity.VisualScripting.YamlDotNet.dll
Symbol file LoadedFromMemory doesn't match image C:\Users\quart\OneDrive\Documents\Unity Stuff\GameJam\GMTK\Library\PackageCache\com.unity.visualscripting@1.8.0\Editor\VisualScripting.Core\Dependencies\DotNetZip\Unity.VisualScripting.IonicZip.dll
- Loaded All Assemblies, in  2.350 seconds
Refreshing native plugins compatible for Editor in 13.48 ms, found 4 plugins.
Native extension for WindowsStandalone target not found
Native extension for Android target not found
Native extension for WebGL target not found
Mono: successfully reloaded assembly
- Finished resetting the current domain, in  2.088 seconds
Domain Reload Profiling: 4428ms
	BeginReloadAssembly (343ms)
		ExecutionOrderSort (0ms)
		DisableScriptedObjects (12ms)
		BackupInstance (0ms)
		ReleaseScriptingObjects (1ms)
		CreateAndSetChildDomain (58ms)
	RebuildCommonClasses (102ms)
	RebuildNativeTypeToScriptingClass (26ms)
	initialDomainReloadingComplete (122ms)
	LoadAllAssembliesAndSetupDomain (1746ms)
		LoadAssemblies (937ms)
		RebuildTransferFunctionScriptingTraits (0ms)
		AnalyzeDomain (979ms)
			TypeCache.Refresh (878ms)
				TypeCache.ScanAssembly (835ms)
			ScanForSourceGeneratedMonoScriptInfo (72ms)
			ResolveRequiredComponents (29ms)
	FinalizeReload (2089ms)
		ReleaseScriptCaches (0ms)
		RebuildScriptCaches (0ms)
		SetupLoadedEditorAssemblies (1536ms)
			LogAssemblyErrors (0ms)
			InitializePlatformSupportModulesInManaged (84ms)
			SetLoadedEditorAssemblies (20ms)
			RefreshPlugins (0ms)
			BeforeProcessingInitializeOnLoad (279ms)
			ProcessInitializeOnLoadAttributes (887ms)
			ProcessInitializeOnLoadMethodAttributes (242ms)
			AfterProcessingInitializeOnLoad (23ms)
			EditorAssembliesLoaded (0ms)
		ExecutionOrderSort2 (0ms)
		AwakeInstancesAfterBackupRestoration (19ms)
Launched and connected shader compiler UnityShaderCompiler.exe after 0.13 seconds
Refreshing native plugins compatible for Editor in 14.07 ms, found 4 plugins.
Preloading 0 native plugins for Editor in 0.00 ms.
Unloading 5635 Unused Serialized files (Serialized files now loaded: 0)
Unloading 84 unused Assets / (350.8 KB). Loaded Objects now: 6104.
Memory consumption went from 223.8 MB to 223.4 MB.
Total: 10.879500 ms (FindLiveObjects: 0.818900 ms CreateObjectMapping: 1.093600 ms MarkObjects: 8.222900 ms  DeleteObjects: 0.740400 ms)

AssetImportParameters requested are different than current active one (requested -> active):
  custom:container-demuxer-ogg: 62fdf1f143b41e24485cea50d1cbac27 -> 
  custom:video-decoder-ogg-theora: a1e56fd34408186e4bbccfd4996cb3dc -> 
  custom:framework-win-MediaFoundation: 216162199b28c13a410421893ffa2e32 -> 
  custom:container-demuxer-webm: 4f35f7cbe854078d1ac9338744f61a02 -> 
  custom:container-muxer-webm: aa71ff27fc2769a1b78a27578f13a17b -> 
  custom:video-decoder-webm-vp8: 9c59270c3fd7afecdb556c50c9e8de78 -> 
  custom:AudioImporter_EditorPlatform: d09bf68614088b80899f8185d706f6e7 -> 
  custom:video-encoder-webm-vp8: eb34c28f22e8b96e1ab97ce403110664 -> 
  custom:audio-decoder-ogg-vorbis: bf7c407c2cedff20999df2af8eb42d56 -> 
  custom:audio-encoder-webm-vorbis: bf7c407c2cedff20999df2af8eb42d56 -> 
========================================================================
Received Import Request.
  Time since last request: 766796.885673 seconds.
  path: Assets/Sprites/Prefab.prefab
  artifactKey: Guid(0e89530d89c7ff645ba9133e1b0f2fda) Importer(815301076,1909f56bfc062723c751e8b465ee728b)
Start importing Assets/Sprites/Prefab.prefab using Guid(0e89530d89c7ff645ba9133e1b0f2fda) Importer(815301076,1909f56bfc062723c751e8b465ee728b)  -> (artifact id: '19a06630424fc611917536deb6839e04') in 0.049246 seconds
Number of updated asset objects reloaded before import = 0
Number of asset objects unloaded after import = 34
========================================================================
Received Import Request.
  Time since last request: 218.836840 seconds.
  path: Assets/Sprites/Hole.png
  artifactKey: Guid(a189ed2b0fa8fac4895cca8831cbf080) Importer(815301076,1909f56bfc062723c751e8b465ee728b)
Start importing Assets/Sprites/Hole.png using Guid(a189ed2b0fa8fac4895cca8831cbf080) Importer(815301076,1909f56bfc062723c751e8b465ee728b)  -> (artifact id: '1aa5d1e38cbb3c6aa9c372e374a79cca') in 0.004719 seconds
Number of updated asset objects reloaded before import = 0
Number of asset objects unloaded after import = 2
========================================================================
Received Import Request.
  Time since last request: 30.483204 seconds.
  path: Assets/Sprites/Prefab.prefab
  artifactKey: Guid(0e89530d89c7ff645ba9133e1b0f2fda) Importer(815301076,1909f56bfc062723c751e8b465ee728b)
Start importing Assets/Sprites/Prefab.prefab using Guid(0e89530d89c7ff645ba9133e1b0f2fda) Importer(815301076,1909f56bfc062723c751e8b465ee728b)  -> (artifact id: '52c3dd7c488ea0f4dd5624deac5f7400') in 0.021990 seconds
Number of updated asset objects reloaded before import = 0
Number of asset objects unloaded after import = 34
========================================================================
Received Import Request.
  Time since last request: 0.339979 seconds.
  path: Assets/Sprites/Prefab.prefab
  artifactKey: Guid(0e89530d89c7ff645ba9133e1b0f2fda) Importer(815301076,1909f56bfc062723c751e8b465ee728b)
Start importing Assets/Sprites/Prefab.prefab using Guid(0e89530d89c7ff645ba9133e1b0f2fda) Importer(815301076,1909f56bfc062723c751e8b465ee728b)  -> (artifact id: 'a2804cd2c12c64dc84b0d8f0294154c3') in 0.007834 seconds
Number of updated asset objects reloaded before import = 0
Number of asset objects unloaded after import = 39
========================================================================
Received Import Request.
  Time since last request: 1.409040 seconds.
  path: Assets/Sprites/Prefab.prefab
  artifactKey: Guid(0e89530d89c7ff645ba9133e1b0f2fda) Importer(815301076,1909f56bfc062723c751e8b465ee728b)
Start importing Assets/Sprites/Prefab.prefab using Guid(0e89530d89c7ff645ba9133e1b0f2fda) Importer(815301076,1909f56bfc062723c751e8b465ee728b)  -> (artifact id: '795f6a6bbfe2f1c2aa78191cdc41da42') in 0.009159 seconds
Number of updated asset objects reloaded before import = 0
Number of asset objects unloaded after import = 39
========================================================================
Received Import Request.
  Time since last request: 5.947196 seconds.
  path: Assets/Sprites/Prefab.prefab
  artifactKey: Guid(0e89530d89c7ff645ba9133e1b0f2fda) Importer(815301076,1909f56bfc062723c751e8b465ee728b)
Start importing Assets/Sprites/Prefab.prefab using Guid(0e89530d89c7ff645ba9133e1b0f2fda) Importer(815301076,1909f56bfc062723c751e8b465ee728b)  -> (artifact id: 'ab08cef2a1ac132605abdca0fee7e228') in 0.007643 seconds
Number of updated asset objects reloaded before import = 0
Number of asset objects unloaded after import = 39
========================================================================
Received Import Request.
  Time since last request: 1.621053 seconds.
  path: Assets/Sprites/Prefab.prefab
  artifactKey: Guid(0e89530d89c7ff645ba9133e1b0f2fda) Importer(815301076,1909f56bfc062723c751e8b465ee728b)
Start importing Assets/Sprites/Prefab.prefab using Guid(0e89530d89c7ff645ba9133e1b0f2fda) Importer(815301076,1909f56bfc062723c751e8b465ee728b)  -> (artifact id: 'e3aa3163ea5ce311960af7cd6eabe937') in 0.009030 seconds
Number of updated asset objects reloaded before import = 0
Number of asset objects unloaded after import = 39
========================================================================
Received Import Request.
  Time since last request: 6.687157 seconds.
  path: Assets/Sprites/Prefab.prefab
  artifactKey: Guid(0e89530d89c7ff645ba9133e1b0f2fda) Importer(815301076,1909f56bfc062723c751e8b465ee728b)
Start importing Assets/Sprites/Prefab.prefab using Guid(0e89530d89c7ff645ba9133e1b0f2fda) Importer(815301076,1909f56bfc062723c751e8b465ee728b)  -> (artifact id: 'f704a6ff53a888d938aa6078a567a475') in 0.008142 seconds
Number of updated asset objects reloaded before import = 0
Number of asset objects unloaded after import = 39
========================================================================
Received Import Request.
  Time since last request: 4.851879 seconds.
  path: Assets/Sprites/Prefab.prefab
  artifactKey: Guid(0e89530d89c7ff645ba9133e1b0f2fda) Importer(815301076,1909f56bfc062723c751e8b465ee728b)
Start importing Assets/Sprites/Prefab.prefab using Guid(0e89530d89c7ff645ba9133e1b0f2fda) Importer(815301076,1909f56bfc062723c751e8b465ee728b)  -> (artifact id: '581aaa9407dbe3785b102d81178a5bcc') in 0.009055 seconds
Number of updated asset objects reloaded before import = 0
Number of asset objects unloaded after import = 39
========================================================================
Received Import Request.
  Time since last request: 2.267390 seconds.
  path: Assets/Sprites/Prefab.prefab
  artifactKey: Guid(0e89530d89c7ff645ba9133e1b0f2fda) Importer(815301076,1909f56bfc062723c751e8b465ee728b)
Start importing Assets/Sprites/Prefab.prefab using Guid(0e89530d89c7ff645ba9133e1b0f2fda) Importer(815301076,1909f56bfc062723c751e8b465ee728b)  -> (artifact id: '3c776ca7a27593d0993693df72622cd0') in 0.010779 seconds
Number of updated asset objects reloaded before import = 0
Number of asset objects unloaded after import = 39
========================================================================
Received Import Request.
  Time since last request: 15.571024 seconds.
  path: Assets/Sprites/Prefab.prefab
  artifactKey: Guid(0e89530d89c7ff645ba9133e1b0f2fda) Importer(815301076,1909f56bfc062723c751e8b465ee728b)
Start importing Assets/Sprites/Prefab.prefab using Guid(0e89530d89c7ff645ba9133e1b0f2fda) Importer(815301076,1909f56bfc062723c751e8b465ee728b)  -> (artifact id: '0b2d5b417c6c86c988d55f73f0c574be') in 0.012967 seconds
Number of updated asset objects reloaded before import = 0
Number of asset objects unloaded after import = 39
========================================================================
Received Import Request.
  Time since last request: 5.918187 seconds.
  path: Assets/Sprites/Prefab.prefab
  artifactKey: Guid(0e89530d89c7ff645ba9133e1b0f2fda) Importer(815301076,1909f56bfc062723c751e8b465ee728b)
Start importing Assets/Sprites/Prefab.prefab using Guid(0e89530d89c7ff645ba9133e1b0f2fda) Importer(815301076,1909f56bfc062723c751e8b465ee728b)  -> (artifact id: 'c445adde036032516c6f59099ce8b4f9') in 0.009534 seconds
Number of updated asset objects reloaded before import = 0
Number of asset objects unloaded after import = 39
========================================================================
Received Import Request.
  Time since last request: 3.003957 seconds.
  path: Assets/Sprites/Prefab.prefab
  artifactKey: Guid(0e89530d89c7ff645ba9133e1b0f2fda) Importer(815301076,1909f56bfc062723c751e8b465ee728b)
Start importing Assets/Sprites/Prefab.prefab using Guid(0e89530d89c7ff645ba9133e1b0f2fda) Importer(815301076,1909f56bfc062723c751e8b465ee728b)  -> (artifact id: '00c40cfb48f7f6a989373974bed10496') in 0.007619 seconds
Number of updated asset objects reloaded before import = 0
Number of asset objects unloaded after import = 25
========================================================================
Received Import Request.
  Time since last request: 5.863094 seconds.
  path: Assets/Sprites/Prefab.prefab
  artifactKey: Guid(0e89530d89c7ff645ba9133e1b0f2fda) Importer(815301076,1909f56bfc062723c751e8b465ee728b)
Start importing Assets/Sprites/Prefab.prefab using Guid(0e89530d89c7ff645ba9133e1b0f2fda) Importer(815301076,1909f56bfc062723c751e8b465ee728b)  -> (artifact id: '9ae69c5075d773162a2fd633099dd339') in 0.006949 seconds
Number of updated asset objects reloaded before import = 0
Number of asset objects unloaded after import = 25
========================================================================
Received Import Request.
  Time since last request: 2.223296 seconds.
  path: Assets/Sprites/Prefab.prefab
  artifactKey: Guid(0e89530d89c7ff645ba9133e1b0f2fda) Importer(815301076,1909f56bfc062723c751e8b465ee728b)
Start importing Assets/Sprites/Prefab.prefab using Guid(0e89530d89c7ff645ba9133e1b0f2fda) Importer(815301076,1909f56bfc062723c751e8b465ee728b)  -> (artifact id: '6ac2c6e0f4cabad55bad0e15b0b107ec') in 0.005851 seconds
Number of updated asset objects reloaded before import = 0
Number of asset objects unloaded after import = 25
